Class.forName;Person;ReflectionDemo.main;5;;
Class.getDeclaredField;<Person: double salary>;ReflectionDemo.main;36;isAccessible=false;
Class.getDeclaredField;<java.lang.invoke.MethodHandle: java.lang.invoke.LambdaForm form>;java.lang.invoke.MethodHandle.<clinit>;1451;isAccessible=false;
Class.getDeclaredMethod;<Person: java.lang.String hello(java.lang.String)>;ReflectionDemo.main;25;isAccessible=false;
Class.getDeclaredMethod;<Person: java.lang.String secret(int)>;ReflectionDemo.main;30;isAccessible=false;
Class.getField;<Person: int age>;ReflectionDemo.main;12;isAccessible=false;
Class.getField;<Person: java.lang.String name>;ReflectionDemo.main;11;isAccessible=false;
Class.getMethod;<ReflectionDemo: void main(java.lang.String[])>;sun.launcher.LauncherHelper.validateMainClass;670;isAccessible=false;
Class.newInstance;Person;ReflectionDemo.main;8;;
Constructor.getModifiers;<Person: void <init>()>;java.lang.Class.newInstance0;;isAccessible=true;
Constructor.getModifiers;<Person: void <init>()>;java.lang.Class.newInstance;;isAccessible=true;
Constructor.newInstance;<Person: void <init>()>;java.lang.Class.newInstance0;;isAccessible=true;
Constructor.newInstance;<Person: void <init>()>;java.lang.Class.newInstance;;isAccessible=true;
Field.get*;<Person: double salary>;ReflectionDemo.main;38;isAccessible=true;
Field.get*;<Person: double salary>;ReflectionDemo.main;40;isAccessible=true;
Field.get*;<Person: int age>;ReflectionDemo.main;15;isAccessible=false;
Field.get*;<Person: int age>;ReflectionDemo.main;21;isAccessible=false;
Field.get*;<Person: java.lang.String name>;ReflectionDemo.main;14;isAccessible=false;
Field.get*;<Person: java.lang.String name>;ReflectionDemo.main;20;isAccessible=false;
Field.getDeclaringClass;<Person: double salary>;sun.reflect.UnsafeFieldAccessorImpl.ensureObj;36;isAccessible=true;
Field.getDeclaringClass;<Person: double salary>;sun.reflect.UnsafeFieldAccessorImpl.ensureObj;57;isAccessible=true;
Field.getDeclaringClass;<Person: int age>;sun.reflect.UnsafeFieldAccessorImpl.ensureObj;36;isAccessible=false;
Field.getDeclaringClass;<Person: int age>;sun.reflect.UnsafeFieldAccessorImpl.ensureObj;57;isAccessible=false;
Field.getDeclaringClass;<Person: java.lang.String name>;sun.reflect.UnsafeFieldAccessorImpl.ensureObj;36;isAccessible=false;
Field.getDeclaringClass;<Person: java.lang.String name>;sun.reflect.UnsafeFieldAccessorImpl.ensureObj;57;isAccessible=false;
Field.getModifiers;<Person: double salary>;sun.misc.Unsafe.fieldOffset;551;isAccessible=true;
Field.getModifiers;<Person: double salary>;sun.reflect.UnsafeFieldAccessorFactory.newFieldAccessor;16;isAccessible=true;
Field.getModifiers;<Person: double salary>;sun.reflect.UnsafeFieldAccessorFactory.newFieldAccessor;17;isAccessible=true;
Field.getModifiers;<Person: double salary>;sun.reflect.UnsafeFieldAccessorFactory.newFieldAccessor;18;isAccessible=true;
Field.getModifiers;<Person: double salary>;sun.reflect.UnsafeFieldAccessorFactory.newFieldAccessor;34;isAccessible=true;
Field.getModifiers;<Person: double salary>;sun.reflect.UnsafeFieldAccessorFactory.newFieldAccessor;35;isAccessible=true;
Field.getModifiers;<Person: double salary>;sun.reflect.UnsafeFieldAccessorFactory.newFieldAccessor;36;isAccessible=true;
Field.getModifiers;<Person: double salary>;sun.reflect.UnsafeFieldAccessorImpl.<init>;31;isAccessible=true;
Field.getModifiers;<Person: double salary>;sun.reflect.UnsafeFieldAccessorImpl.<init>;48;isAccessible=true;
Field.getModifiers;<Person: double salary>;sun.reflect.UnsafeFieldAccessorImpl.<init>;52;isAccessible=true;
Field.getModifiers;<Person: int age>;sun.misc.Unsafe.fieldOffset;551;isAccessible=false;
Field.getModifiers;<Person: int age>;sun.reflect.UnsafeFieldAccessorFactory.newFieldAccessor;16;isAccessible=false;
Field.getModifiers;<Person: int age>;sun.reflect.UnsafeFieldAccessorFactory.newFieldAccessor;17;isAccessible=false;
Field.getModifiers;<Person: int age>;sun.reflect.UnsafeFieldAccessorFactory.newFieldAccessor;18;isAccessible=false;
Field.getModifiers;<Person: int age>;sun.reflect.UnsafeFieldAccessorFactory.newFieldAccessor;34;isAccessible=false;
Field.getModifiers;<Person: int age>;sun.reflect.UnsafeFieldAccessorFactory.newFieldAccessor;35;isAccessible=false;
Field.getModifiers;<Person: int age>;sun.reflect.UnsafeFieldAccessorFactory.newFieldAccessor;36;isAccessible=false;
Field.getModifiers;<Person: int age>;sun.reflect.UnsafeFieldAccessorImpl.<init>;31;isAccessible=false;
Field.getModifiers;<Person: int age>;sun.reflect.UnsafeFieldAccessorImpl.<init>;48;isAccessible=false;
Field.getModifiers;<Person: int age>;sun.reflect.UnsafeFieldAccessorImpl.<init>;52;isAccessible=false;
Field.getModifiers;<Person: java.lang.String name>;sun.misc.Unsafe.fieldOffset;551;isAccessible=false;
Field.getModifiers;<Person: java.lang.String name>;sun.reflect.UnsafeFieldAccessorFactory.newFieldAccessor;16;isAccessible=false;
Field.getModifiers;<Person: java.lang.String name>;sun.reflect.UnsafeFieldAccessorFactory.newFieldAccessor;17;isAccessible=false;
Field.getModifiers;<Person: java.lang.String name>;sun.reflect.UnsafeFieldAccessorFactory.newFieldAccessor;18;isAccessible=false;
Field.getModifiers;<Person: java.lang.String name>;sun.reflect.UnsafeFieldAccessorFactory.newFieldAccessor;34;isAccessible=false;
Field.getModifiers;<Person: java.lang.String name>;sun.reflect.UnsafeFieldAccessorFactory.newFieldAccessor;35;isAccessible=false;
Field.getModifiers;<Person: java.lang.String name>;sun.reflect.UnsafeFieldAccessorFactory.newFieldAccessor;36;isAccessible=false;
Field.getModifiers;<Person: java.lang.String name>;sun.reflect.UnsafeFieldAccessorImpl.<init>;31;isAccessible=false;
Field.getModifiers;<Person: java.lang.String name>;sun.reflect.UnsafeFieldAccessorImpl.<init>;48;isAccessible=false;
Field.getModifiers;<Person: java.lang.String name>;sun.reflect.UnsafeFieldAccessorImpl.<init>;52;isAccessible=false;
Field.getName;<Person: double salary>;java.lang.Class.searchFields;;isAccessible=false;
Field.getName;<Person: int age>;java.lang.Class.searchFields;;isAccessible=false;
Field.getName;<Person: java.lang.String name>;java.lang.Class.searchFields;;isAccessible=false;
Field.getName;<java.lang.invoke.MethodHandle: java.lang.invoke.LambdaForm form>;java.lang.Class.searchFields;;isAccessible=false;
Field.getName;<java.lang.invoke.MethodHandle: java.lang.invoke.MethodType type>;java.lang.Class.searchFields;;isAccessible=false;
Field.set*;<Person: double salary>;ReflectionDemo.main;39;isAccessible=true;
Field.set*;<Person: int age>;ReflectionDemo.main;18;isAccessible=false;
Field.set*;<Person: java.lang.String name>;ReflectionDemo.main;17;isAccessible=false;
Method.getModifiers;<ReflectionDemo: void main(java.lang.String[])>;sun.launcher.LauncherHelper.validateMainClass;683;isAccessible=false;
Method.getName;<Person: java.lang.String hello(java.lang.String)>;java.lang.Class.searchMethods;;isAccessible=false;
Method.getName;<Person: java.lang.String secret(int)>;java.lang.Class.searchMethods;;isAccessible=false;
Method.getName;<ReflectionDemo: void main(java.lang.String[])>;java.lang.Class.searchMethods;;isAccessible=false;
Method.invoke;<Person: java.lang.String hello(java.lang.String)>;ReflectionDemo.main;26;isAccessible=false;
Method.invoke;<Person: java.lang.String secret(int)>;ReflectionDemo.main;32;isAccessible=true;
